# JRE version: Java(TM) SE Runtime Environment (8.0_181-b13) (build 1.8.0_181-b13)
# Java VM: Java HotSpot(TM) 64-Bit Server VM (25.181-b13 mixed mode linux-amd64 compressed oops)
Heap:
 PSYoungGen      total 292352K, used 14320K [0x00000000d6900000, 0x00000000e9680000, 0x0000000100000000)
  eden space 278016K, 0% used [0x00000000d6900000,0x00000000d6900000,0x00000000e7880000)
  from space 14336K, 99% used [0x00000000e7a80000,0x00000000e887c128,0x00000000e8880000)
  to   space 10752K, 0% used [0x00000000e8c00000,0x00000000e8c00000,0x00000000e9680000)
 ParOldGen       total 79872K, used 22496K [0x0000000083a00000, 0x0000000088800000, 0x00000000d6900000)
  object space 79872K, 28% used [0x0000000083a00000,0x0000000084ff8018,0x0000000088800000)
 Metaspace       used 56503K, capacity 58912K, committed 59028K, reserved 1099776K
  class space    used 7619K, capacity 8029K, committed 8084K, reserved 1048576K
GC Heap History (10 events):
Event: 4,635 GC heap after
Heap after GC invocations=8 (full 1):
 PSYoungGen      total 138752K, used 7287K [0x00000000d6900000, 0x00000000e4e80000, 0x0000000100000000)
  eden space 130048K, 0% used [0x00000000d6900000,0x00000000d6900000,0x00000000de800000)
  from space 8704K, 83% used [0x00000000de800000,0x00000000def1dd80,0x00000000df080000)
  to   space 9216K, 0% used [0x00000000e4580000,0x00000000e4580000,0x00000000e4e80000)
 ParOldGen       total 51200K, used 7164K [0x0000000083a00000, 0x0000000086c00000, 0x00000000d6900000)
  object space 51200K, 13% used [0x0000000083a00000,0x00000000840ff050,0x0000000086c00000)
 Metaspace       used 25823K, capacity 26588K, committed 26752K, reserved 1073152K
  class space    used 3214K, capacity 3433K, committed 3456K, reserved 1048576K
}
Event: 6,881 GC heap before
{Heap before GC invocations=9 (full 1):
 PSYoungGen      total 138752K, used 137335K [0x00000000d6900000, 0x00000000e4e80000, 0x0000000100000000)
  eden space 130048K, 100% used [0x00000000d6900000,0x00000000de800000,0x00000000de800000)
  from space 8704K, 83% used [0x00000000de800000,0x00000000def1dd80,0x00000000df080000)
  to   space 9216K, 0% used [0x00000000e4580000,0x00000000e4580000,0x00000000e4e80000)
 ParOldGen       total 51200K, used 7164K [0x0000000083a00000, 0x0000000086c00000, 0x00000000d6900000)
  object space 51200K, 13% used [0x0000000083a00000,0x00000000840ff050,0x0000000086c00000)
 Metaspace       used 31401K, capacity 32700K, committed 33024K, reserved 1077248K
  class space    used 3976K, capacity 4265K, committed 4352K, reserved 1048576K
Event: 6,892 GC heap after
Heap after GC invocations=9 (full 1):
 PSYoungGen      total 220672K, used 9184K [0x00000000d6900000, 0x00000000e4e80000, 0x0000000100000000)
  eden space 211456K, 0% used [0x00000000d6900000,0x00000000d6900000,0x00000000e3780000)
  from space 9216K, 99% used [0x00000000e4580000,0x00000000e4e78328,0x00000000e4e80000)
  to   space 11264K, 0% used [0x00000000e3880000,0x00000000e3880000,0x00000000e4380000)
 ParOldGen       total 51200K, used 8895K [0x0000000083a00000, 0x0000000086c00000, 0x00000000d6900000)
  object space 51200K, 17% used [0x0000000083a00000,0x00000000842afcc0,0x0000000086c00000)
 Metaspace       used 31401K, capacity 32700K, committed 33024K, reserved 1077248K
  class space    used 3976K, capacity 4265K, committed 4352K, reserved 1048576K
}
Event: 9,103 GC heap before
{Heap before GC invocations=10 (full 1):
 PSYoungGen      total 220672K, used 43987K [0x00000000d6900000, 0x00000000e4e80000, 0x0000000100000000)
  eden space 211456K, 16% used [0x00000000d6900000,0x00000000d8afca68,0x00000000e3780000)
  from space 9216K, 99% used [0x00000000e4580000,0x00000000e4e78328,0x00000000e4e80000)
  to   space 11264K, 0% used [0x00000000e3880000,0x00000000e3880000,0x00000000e4380000)
 ParOldGen       total 51200K, used 8895K [0x0000000083a00000, 0x0000000086c00000, 0x00000000d6900000)
  object space 51200K, 17% used [0x0000000083a00000,0x00000000842afcc0,0x0000000086c00000)
 Metaspace       used 33720K, capacity 35336K, committed 35416K, reserved 1079296K
  class space    used 4302K, capacity 4619K, committed 4696K, reserved 1048576K
Event: 9,109 GC heap after
Heap after GC invocations=10 (full 1):
 PSYoungGen      total 223744K, used 11233K [0x00000000d6900000, 0x00000000e9900000, 0x0000000100000000)
  eden space 212480K, 0% used [0x00000000d6900000,0x00000000d6900000,0x00000000e3880000)
  from space 11264K, 99% used [0x00000000e3880000,0x00000000e4378558,0x00000000e4380000)
  to   space 13312K, 0% used [0x00000000e8c00000,0x00000000e8c00000,0x00000000e9900000)
 ParOldGen       total 51200K, used 10133K [0x0000000083a00000, 0x0000000086c00000, 0x00000000d6900000)
  object space 51200K, 19% used [0x0000000083a00000,0x00000000843e54f0,0x0000000086c00000)
 Metaspace       used 33720K, capacity 35336K, committed 35416K, reserved 1079296K
  class space    used 4302K, capacity 4619K, committed 4696K, reserved 1048576K
}
Event: 9,109 GC heap before
{Heap before GC invocations=11 (full 2):
 PSYoungGen      total 223744K, used 11233K [0x00000000d6900000, 0x00000000e9900000, 0x0000000100000000)
  eden space 212480K, 0% used [0x00000000d6900000,0x00000000d6900000,0x00000000e3880000)
  from space 11264K, 99% used [0x00000000e3880000,0x00000000e4378558,0x00000000e4380000)
  to   space 13312K, 0% used [0x00000000e8c00000,0x00000000e8c00000,0x00000000e9900000)
 ParOldGen       total 51200K, used 10133K [0x0000000083a00000, 0x0000000086c00000, 0x00000000d6900000)
  object space 51200K, 19% used [0x0000000083a00000,0x00000000843e54f0,0x0000000086c00000)
 Metaspace       used 33720K, capacity 35336K, committed 35416K, reserved 1079296K
  class space    used 4302K, capacity 4619K, committed 4696K, reserved 1048576K
Event: 9,145 GC heap after
Heap after GC invocations=11 (full 2):
 PSYoungGen      total 223744K, used 0K [0x00000000d6900000, 0x00000000e9900000, 0x0000000100000000)
  eden space 212480K, 0% used [0x00000000d6900000,0x00000000d6900000,0x00000000e3880000)
  from space 11264K, 0% used [0x00000000e3880000,0x00000000e3880000,0x00000000e4380000)
  to   space 13312K, 0% used [0x00000000e8c00000,0x00000000e8c00000,0x00000000e9900000)
 ParOldGen       total 79872K, used 16653K [0x0000000083a00000, 0x0000000088800000, 0x00000000d6900000)
  object space 79872K, 20% used [0x0000000083a00000,0x0000000084a43650,0x0000000088800000)
 Metaspace       used 33720K, capacity 35336K, committed 35416K, reserved 1079296K
  class space    used 4302K, capacity 4619K, committed 4696K, reserved 1048576K
}
Event: 16,287 GC heap before
{Heap before GC invocations=12 (full 2):
 PSYoungGen      total 223744K, used 212480K [0x00000000d6900000, 0x00000000e9900000, 0x0000000100000000)
  eden space 212480K, 100% used [0x00000000d6900000,0x00000000e3880000,0x00000000e3880000)
  from space 11264K, 0% used [0x00000000e3880000,0x00000000e3880000,0x00000000e4380000)
  to   space 13312K, 0% used [0x00000000e8c00000,0x00000000e8c00000,0x00000000e9900000)
 ParOldGen       total 79872K, used 16653K [0x0000000083a00000, 0x0000000088800000, 0x00000000d6900000)
  object space 79872K, 20% used [0x0000000083a00000,0x0000000084a43650,0x0000000088800000)
 Metaspace       used 42580K, capacity 44350K, committed 44632K, reserved 1087488K
  class space    used 5539K, capacity 5902K, committed 5976K, reserved 1048576K
Event: 16,295 GC heap after
Heap after GC invocations=12 (full 2):
 PSYoungGen      total 288768K, used 10435K [0x00000000d6900000, 0x00000000e9680000, 0x0000000100000000)
  eden space 278016K, 0% used [0x00000000d6900000,0x00000000d6900000,0x00000000e7880000)
  from space 10752K, 97% used [0x00000000e8c00000,0x00000000e9630cb8,0x00000000e9680000)
  to   space 14336K, 0% used [0x00000000e7a80000,0x00000000e7a80000,0x00000000e8880000)
 ParOldGen       total 79872K, used 16661K [0x0000000083a00000, 0x0000000088800000, 0x00000000d6900000)
  object space 79872K, 20% used [0x0000000083a00000,0x0000000084a45650,0x0000000088800000)
 Metaspace       used 42580K, capacity 44350K, committed 44632K, reserved 1087488K
  class space    used 5539K, capacity 5902K, committed 5976K, reserved 1048576K
}
Event: 44,501 GC heap before
{Heap before GC invocations=13 (full 2):
 PSYoungGen      total 288768K, used 279754K [0x00000000d6900000, 0x00000000e9680000, 0x0000000100000000)
  eden space 278016K, 96% used [0x00000000d6900000,0x00000000e7001b58,0x00000000e7880000)
  from space 10752K, 97% used [0x00000000e8c00000,0x00000000e9630cb8,0x00000000e9680000)
  to   space 14336K, 0% used [0x00000000e7a80000,0x00000000e7a80000,0x00000000e8880000)
 ParOldGen       total 79872K, used 16661K [0x0000000083a00000, 0x0000000088800000, 0x00000000d6900000)
  object space 79872K, 20% used [0x0000000083a00000,0x0000000084a45650,0x0000000088800000)
 Metaspace       used 56503K, capacity 58912K, committed 59028K, reserved 1099776K
  class space    used 7619K, capacity 8029K, committed 8084K, reserved 1048576K

